<?xml version="1.0" encoding="UTF-8"?>
<!-- Generated by org.testng.reporters.JUnitReportReporter -->
<testsuite hostname="Hemanth-Sudhakar" failures="0" tests="2" name="e_CommerceApp_Project.test.MainTestFileTest" time="35.638" errors="0" timestamp="2025-09-10T22:59:47 IST" skipped="0">
  <testcase classname="e_CommerceApp_Project.test.MainTestFileTest" name="submitCartProduct" time="21.406"/>
  <testcase classname="e_CommerceApp_Project.test.MainTestFileTest" name="submitCartProduct" time="14.232"/>
</testsuite> <!-- e_CommerceApp_Project.test.MainTestFileTest -->
