<?xml version="1.0" encoding="UTF-8"?>
<!-- Generated by org.testng.reporters.JUnitReportReporter -->
<testsuite hostname="Hemanth-Sudhakar" failures="0" tests="1" name="e_CommerceApp_Project.test.MainTestFile" time="19.447" errors="0" timestamp="2025-09-08T22:51:19 IST" skipped="0">
  <testcase classname="e_CommerceApp_Project.test.MainTestFile" name="submitOrder" time="19.447"/>
</testsuite> <!-- e_CommerceApp_Project.test.MainTestFile -->
