<?xml version="1.0" encoding="UTF-8"?>
<!-- Generated by org.testng.reporters.JUnitReportReporter -->
<testsuite hostname="Hemanth-Sudhakar" failures="0" tests="1" name="cucumber.TestNgRunner" time="12.212" errors="0" timestamp="2025-09-26T15:16:30 IST" skipped="0">
  <testcase classname="cucumber.TestNgRunner" name="runScenario" time="12.212"/>
</testsuite> <!-- cucumber.TestNgRunner -->
